{"time":0.000022,"hpms":[9732789665,5561401386,684922246,143652159,92312056,34685065,22568032,4599471,39229347,5870723,148108213,81062567,353391381,23571453,55379,19068]}
{"time":60.028422,"hpms":[12728999740,7039975126,859593805,186084957,120554630,40201213,30505004,5649717,50359009,9807754,188117223,105682978,442525247,28110200,72407,24391]}
{"time":120.046783,"hpms":[15729904013,9711962234,1472393736,203366967,132248134,43638116,33447313,6078512,55606676,11980865,609170679,116539895,1003245088,31524297,80971,25979]}
{"time":180.065377,"hpms":[18730825662,11736155014,1879386408,248669819,153838463,46077620,35890600,6446014,78800519,13541927,673812964,138029057,1286902187,33932342,94559,27249]}
{"time":240.082933,"hpms":[21731693054,13433524607,2176977236,302254001,173119322,46871037,36765299,6642318,112796693,13913751,746905252,156473358,1442086134,34705981,96440,27430]}
{"time":300.100572,"hpms":[24732567237,15102947822,2467678936,355293560,192512931,47846346,37678921,6856200,146128145,14299579,813932972,174703017,1589898562,35660636,99008,27796]}
{"time":360.118554,"hpms":[27733459762,16774803398,2761499782,408007454,211488582,48594390,38545993,7051356,179563852,14669528,892195187,192795171,1743534285,36393363,101034,27963]}
{"time":420.136249,"hpms":[30734338457,18435266325,3049817370,460183782,230517409,49610420,39506780,7268157,212349820,15052556,951867135,210924345,1897393543,37292686,103695,28192]}
{"time":480.154201,"hpms":[33735219781,19696977587,3297407170,473881698,239957898,51301467,41130928,7521373,216237093,16053395,997919141,221619627,2121312235,38884768,106137,28461]}
{"time":540.172338,"hpms":[36736113483,20890404040,3559901649,479726314,243943026,51870202,42313925,7769576,217720850,16612526,1040173207,223447504,2371741892,39366422,107385,28679]}
{"time":600.191004,"hpms":[39737035748,22282703663,3787772653,503756651,258168890,55966547,45556893,8142827,226716835,18677436,1084756058,238308445,2534388145,43176558,278687,33659]}
{"time":660.205569,"hpms":[42737754403,23781636121,4026868257,540362249,282420714,64828808,53984587,9150958,236119587,23165853,1106724207,261717552,2653904477,50105321,280924,34958]}
{"time":720.224726,"hpms":[45738703424,25032620472,4270559682,551004651,288853417,66145039,55205492,9389058,239984976,23804405,1149810901,266772998,2873346808,51458694,397849,41065]}
{"time":780.243327,"hpms":[48739625178,26424065482,4454498727,602354324,324906765,75163154,59646465,10584751,253892231,25982782,1183154910,297254636,2988391359,60438062,422734,47348]}
{"time":840.257773,"hpms":[51740339652,27826343977,4640328558,663674149,369354428,86331642,64322847,12123799,268920125,27704511,1203833078,332021306,3105839120,71555948,431430,55202]}
{"time":900.275673,"hpms":[54741226936,29217772881,4823717071,722811391,412848243,97014246,69367396,13766840,282749225,29713572,1223458076,365126519,3218223294,82196011,437621,60154]}
{"time":960.289775,"hpms":[57741922925,30611983186,5007685592,782840371,456642199,107743068,74458671,15414606,297122190,31741980,1243655732,398780086,3331337423,92877376,444396,65769]}
{"time":1020.307650,"hpms":[60742805824,32005494667,5193018750,843146701,499978562,117877681,79668578,17043840,312136566,33885921,1265609864,431896806,3445162649,102972671,452097,72052]}
{"time":1080.321828,"hpms":[63743504519,33429605437,5381610952,901007499,541258596,127655942,84520779,18585082,326865573,35843498,1292487981,463519572,3565205283,112737501,491123,79575]}
{"time":1140.340086,"hpms":[66744407720,34790493345,5560309913,928927738,560256055,132465139,89241501,19153231,334721196,38963878,1329748610,485683394,3671038052,117065804,534336,81704]}
{"time":1200.358222,"hpms":[69745305256,35859916795,5709872730,945867495,570640763,135528527,93022142,19542538,340478703,41562789,1362321714,494894036,3759942049,119729498,536042,82144]}
{"time":1260.376199,"hpms":[72746195130,37275165192,5933033218,977714734,591239101,142238562,100328851,20334940,349378849,45754271,1389503420,515282072,3879575523,125231066,538280,83096]}
{"time":1320.394666,"hpms":[75747109740,38458288464,6195587100,983116330,594911279,142673465,101462883,20582296,350738662,46271433,1441338130,516816363,4131136988,125588035,538826,83327]}
{"time":1380.412513,"hpms":[78747993557,39781499379,6433220720,1001704977,607729855,145256894,104241496,21069653,355951022,48005264,1480478964,526698406,4322953914,128041057,540646,83757]}
{"time":1440.431065,"hpms":[81748912722,40873009496,6565700321,1013756682,616455159,147047404,106246994,21444716,358770973,49131587,1504747699,533841342,4418439701,129761147,541806,84108]}
{"time":1500.445618,"hpms":[84749632083,42551004173,6787812276,1050530969,642112382,157979918,114429624,22343205,366746492,53277422,1525600900,567994285,4522515668,137823799,543537,85056]}
{"time":1560.463855,"hpms":[87750535822,43195697923,6937233776,1058417825,648006071,161713644,115485532,22533200,368435554,53847579,1585306558,595145430,4607163333,141488736,545549,85439]}
{"time":1620.482781,"hpms":[90751474053,43816696499,7085051841,1065583354,653621009,165962959,116397099,22705160,369712256,54318892,1649352212,622407400,4691337435,145691096,547709,86034]}
{"time":1680.501532,"hpms":[93752403492,44466498345,7236922772,1073601759,659406122,170085171,117677911,22886339,371599254,55096375,1703082466,650204677,4774325486,149762578,548984,86475]}
{"time":1740.519698,"hpms":[96753303870,45802846277,7490929440,1093459030,671874696,176796685,121488410,23208102,378474408,58085111,1756619785,683335128,4953365027,156373379,552458,87512]}
{"time":1800.538256,"hpms":[99754223801,47369033009,7740744273,1114494565,684180614,182349499,125307321,23625498,386271210,60555482,1788115385,705500466,5129851208,161570924,585547,90248]}
{"time":1860.556395,"hpms":[102755122912,49323967125,8246936956,1124108933,690399044,184457072,127428754,23931535,389049042,61753047,1873218658,711792228,5609605695,163410930,587172,91192]}
{"time":1920.575139,"hpms":[105756052111,50794971340,8533544788,1149723812,707356159,187225330,131445571,25202895,397273437,64065723,1921881415,720663938,5833548720,166047398,591384,93534]}
{"time":1980.593532,"hpms":[108756939516,51931310208,8665483767,1166511772,719405343,189030645,134005940,25704816,401525427,65639307,1932209790,731001331,5924354835,167804845,593692,94641]}
{"time":2040.611793,"hpms":[111757844624,53365653381,8866040143,1197256918,738794074,194668337,140823769,26462117,411491437,70314104,1955402965,753497600,6037496708,173077791,598136,97029]}
{"time":2100.625818,"hpms":[114758538143,54779908675,9068950282,1230048662,760654092,201991146,146756565,27146095,420990644,74153302,2006245888,779038387,6156173885,179219470,604796,100334]}
{"time":2160.644705,"hpms":[117759474612,57707918485,9776518980,1250293259,774071133,205235839,149828679,27527376,427415252,76441372,2240477963,790738394,6805240813,182445038,613631,101794]}
{"time":2220.662979,"hpms":[120760380480,59402658501,10064764003,1301196626,796000302,207202298,151574136,27830841,455968174,77466728,2297986090,812992489,6960313210,184385436,617245,102379]}
{"time":2280.677530,"hpms":[123761100168,61049380667,10352171276,1353291526,814865361,208075232,152447809,28019169,488881320,77835892,2351593253,830950500,7107430789,185237663,619081,102550]}
{"time":2340.695390,"hpms":[126761985314,62679945003,10634256611,1405176593,834141539,209187039,153332842,28216882,521178087,78211603,2405919303,848657700,7258169841,186330228,621429,102824]}
{"time":2400.713708,"hpms":[129762893458,64313237518,10920320147,1456793492,852811253,210041252,154185358,28405265,553825364,78576392,2454867673,866464618,7408155022,187166291,623362,102916]}
{"time":2460.732091,"hpms":[132763804809,65930587839,11191157653,1507843940,873193547,211609077,155399847,28601739,584199718,79301112,2507789749,886514332,7554216463,188712980,625258,103086]}
{"time":2520.750729,"hpms":[135764728932,67130683913,11450359498,1515191195,878229689,212377477,156648870,28847750,586138840,79932185,2510791531,890108385,7798678582,189396834,627788,103427]}
{"time":2580.764943,"hpms":[138765431758,68322933875,11711787299,1521202125,882325638,212976372,157868097,29095978,587661319,80510732,2511749899,892032110,8047394168,189901561,629447,103774]}
{"time":2640.784491,"hpms":[141766401409,69818700808,11928040238,1548682293,898784956,218266207,161933548,29515364,597614425,83094365,2542478888,909574070,8185419960,194576976,637802,105580]}
{"time":2700.802775,"hpms":[144767307815,71277256476,12169959597,1581470946,920484732,225977305,169413017,30403593,606110975,87108123,2553835189,930203061,8321754988,200634665,642112,108066]}
{"time":2760.821427,"hpms":[147768232566,72598648589,12406529876,1592760309,927280166,227539795,170733443,30631246,610284011,87880030,2572392085,936584649,8531668533,202146572,647717,108959]}
{"time":2820.839957,"hpms":[150769151402,73985360402,12590929134,1640953049,961038429,235506525,175097482,31752906,623423644,90134552,2603902816,966833205,8648833389,210065949,650799,110166]}
{"time":2880.858178,"hpms":[153770054518,75367215081,12773795361,1702989576,1005062898,245472390,180013417,33314317,639473489,92038455,2629449411,1001602318,8765696906,219995923,653491,111251]}
{"time":2940.876232,"hpms":[156770949414,76749074694,12955921515,1762419329,1048571213,255573626,184896824,34883385,653616093,93978260,2653896533,1034610586,8878711697,230055919,655206,112412]}
{"time":3000.898858,"hpms":[159772072890,78132265209,13138408792,1821294683,1091831376,265576477,189824316,36472794,667433287,95948613,2678065865,1066934184,8991209986,240017637,656789,113449]}
{"time":3060.916898,"hpms":[162772967006,79511390590,13321106848,1882013572,1135317157,275285039,194900701,38067657,682727009,97986263,2702988419,1100627471,9105378048,249689747,658951,114728]}
{"time":3120.935052,"hpms":[165773866960,80948628096,13513742363,1932682519,1171494944,283298001,199266572,39410116,695577946,99783861,2740691460,1128501207,9235249792,257702634,697007,117099]}
{"time":3180.949626,"hpms":[168774587852,82318772993,13704593996,1963562523,1191302626,289495820,205424490,40060409,705072413,103748210,2764835909,1149266624,9335235249,263031022,713094,119560]}
{"time":3240.968592,"hpms":[171775528439,83695479385,13907227390,1996208164,1211848945,296331209,213000275,40810892,715042193,108464507,2779556360,1169775123,9433464277,268731813,717602,121859]}
{"time":3300.990658,"hpms":[174776623914,84902854129,14168561789,2004063300,1217182564,297366901,214596184,41094404,717039044,109253261,2781412688,1173122321,9675866726,269597046,718571,122389]}
{"time":3361.008728,"hpms":[177777519585,86167771132,14412772705,2017974559,1226543918,299358623,216734837,41460417,721124541,110561639,2791485057,1180322027,9885971430,271494227,720787,123841]}
{"time":3421.027088,"hpms":[180778429712,87339090754,14557817134,2034040504,1238180283,301809576,219249647,41893080,724992518,112085156,2800163241,1190724370,9986349608,273868468,721987,124241]}
{"time":3481.041666,"hpms":[183779150900,88942200324,14767946779,2068277821,1261882081,312250201,227210317,42765545,732417192,116065148,2822146740,1219230995,10083451074,281501926,723451,125088]}
{"time":3541.059874,"hpms":[186780053543,89605787140,14922766126,2076327502,1267891410,316750337,228284074,42947128,734151480,116661714,2888038056,1247331659,10171898862,285932645,724012,125402]}
{"time":3601.078918,"hpms":[189780997918,90244708286,15074672089,2083706442,1273627494,321585033,229249718,43120069,735505963,117173621,2975841143,1275201211,10256912720,290720252,725019,126066]}
{"time":3661.093712,"hpms":[192781729799,90914253276,15231932091,2091801096,1279520556,326461629,230504148,43297021,737381409,117947034,3061215243,1303991937,10346764115,295550874,726062,126753]}
{"time":3721.112212,"hpms":[195782646975,92420357885,15507734518,2113816292,1292953537,333864651,234741601,43622218,745380208,121288430,3137254755,1339314998,10537617914,302801974,736695,127957]}
{"time":3781.130316,"hpms":[198783544425,94040957245,15792890395,2133488381,1304555735,339530705,238286347,44020881,752530861,123517106,3190708858,1359835194,10751873252,308007478,780189,131752]}
{"time":3841.148534,"hpms":[201784447509,96043032906,16323754724,2142877621,1310625584,341582763,240366530,44323804,755236245,124680632,3289976375,1365859764,11256908426,309778251,780915,132127]}
{"time":3901.167552,"hpms":[204785390624,97609737824,16650671562,2167753167,1327121919,344303111,244289037,45558284,763178222,126931962,3350957633,1374649401,11524503184,312356938,783286,133679]}
{"time":3961.181818,"hpms":[207786096106,98722468146,16777331056,2182820172,1337787669,345989921,246894032,45972408,767083517,128628841,3383131771,1382558584,11612260299,313997304,784196,134277]}
{"time":4021.199810,"hpms":[210786983754,100156470550,16979480073,2214205493,1357589947,351967043,253865238,46756031,777231726,133384702,3418225248,1404885182,11724887038,319445245,787998,136556]}
{"time":4022.382790,"hpms":[210846132285,100197521920,16984586136,2214967160,1358188427,352069609,253966605,46775544,777347164,133418924,3418744337,1405139368,11727590101,319538856,788147,136625]}
